\BOOKMARK [1][-]{section.1}{\376\377\000P\000u\000n\000t\000o\000\040\0001\000:\000\040\000t\000a\000b\000l\000a\000\040\000d\000e\000\040\000v\000e\000r\000d\000a\000d\000\040\000y\000\040\000f\000u\000n\000c\000i\000\363\000n}{}% 1
\BOOKMARK [2][-]{subsection.1.1}{\376\377\000p\000\040\000=\000\040}{section.1}% 2
\BOOKMARK [2][-]{subsection.1.2}{\376\377\000\050\000p\000\040\000r\000\051\000\040\000=\000\040}{section.1}% 3
\BOOKMARK [2][-]{subsection.1.3}{\376\377\000\050\000\050\000p\000\040\000\050\000q\000\051\000\051\000\040\000r\000\051\000\040\000=\000\040}{section.1}% 4
\BOOKMARK [2][-]{subsection.1.4}{\376\377\000\050\000\050\000p\000\040\000q\000\051\000\040\000\050\000\050\000p\000\051\000\040\000\050\000q\000\051\000\051\000\051\000\040\000=\000\040}{section.1}% 5
\BOOKMARK [2][-]{subsection.1.5}{\376\377\000\050\000p\000\040\000\050\000q\000\040\000p\000\051\000\051\000\040\000=\000\040}{section.1}% 6
\BOOKMARK [2][-]{subsection.1.6}{\376\377\000\050\000\050\000p\000\040\000r\000\051\000\040\000\050\000p\000\040\000q\000\051\000\051\000\040\000=\000\040}{section.1}% 7
\BOOKMARK [2][-]{subsection.1.7}{\376\377\000\050\000\050\000\050\000r\000\040\000\050\000r\000\040\000\050\000p\000\040\000s\000\051\000\051\000\051\000\040\000\050\000\050\000\050\000p\000\040\000q\000\051\000\040\000\050\000r\000\040\000\050\000r\000\051\000\051\000\051\000\051\000\051\000\051\000\040\000=\000\040}{section.1}% 8
\BOOKMARK [1][-]{section.2}{\376\377\000P\000u\000n\000t\000o\000\040\0002\000:\000\040\000T\000a\000b\000l\000a\000\040\000d\000e\000\040\000v\000e\000r\000d\000a\000d}{}% 9
\BOOKMARK [1][-]{section.3}{\376\377\000P\000u\000n\000t\000o\000\040\0003\000:\000\040\000J\000u\000s\000t\000i\000f\000i\000c\000a\000r\000\040\000q\000u\000e\000\040\000l\000a\000\040\000i\000m\000p\000l\000i\000c\000a\000c\000i\000\363\000n\000\040\000n\000o\000\040\000e\000s\000\040\000a\000s\000o\000c\000i\000a\000t\000i\000v\000a}{}% 10
\BOOKMARK [1][-]{section.4}{\376\377\000P\000u\000n\000t\000o\000\040\0004\000:\000\040\000T\000a\000b\000l\000a\000\040\000d\000e\000\040\000v\000e\000r\000d\000a\000d}{}% 11
\BOOKMARK [1][-]{section.5}{\376\377\000P\000u\000n\000t\000o\000\040\0005\000:\000\040\000N\000u\000e\000v\000o\000\040\000c\000o\000n\000e\000c\000t\000o\000r}{}% 12
\BOOKMARK [2][-]{subsection.5.1}{\376\377\000D\000e\000f\000i\000n\000i\000r\000\040\000*\000\040\000e\000n\000\040\000c\000o\000n\000e\000c\000t\000o\000r\000e\000s\000\040\000l\000\363\000g\000i\000c\000o\000s\000\040\000c\000l\000\341\000s\000i\000c\000o\000s}{section.5}% 13
\BOOKMARK [2][-]{subsection.5.2}{\376\377\000H\000a\000l\000l\000a\000r\000\040\000u\000n\000a\000\040\000p\000r\000o\000p\000o\000s\000i\000c\000i\000\363\000n\000\040\000e\000q\000u\000i\000v\000a\000l\000e\000n\000t\000e\000\040\000a\000\040\000\050\000p\000\051\000\040\000u\000s\000a\000n\000d\000o\000\040\000\372\000n\000i\000c\000a\000m\000e\000n\000t\000e\000\040\000\173\000p\000,\000\040\000*\000\175}{section.5}% 14
\BOOKMARK [2][-]{subsection.5.3}{\376\377\000H\000a\000l\000l\000a\000r\000\040\000u\000n\000a\000\040\000p\000r\000o\000p\000o\000s\000i\000c\000i\000\363\000n\000\040\000e\000q\000u\000i\000v\000a\000l\000e\000n\000t\000e\000\040\000a\000\040\000\050\000p\000\040\000q\000\051\000\040\000u\000s\000a\000n\000d\000o\000\040\000\372\000n\000i\000c\000a\000m\000e\000n\000t\000e\000\040\000\173\000p\000,\000\040\000q\000,\000\040\000*\000\175}{section.5}% 15
\BOOKMARK [2][-]{subsection.5.4}{\376\377\000J\000u\000s\000t\000i\000f\000i\000c\000a\000r\000\040\000o\000\040\000r\000e\000f\000u\000t\000a\000r\000\040\000p\000r\000o\000p\000i\000e\000d\000a\000d\000e\000s\000\040\000d\000e\000\040\000*}{section.5}% 16
\BOOKMARK [3][-]{subsubsection.5.4.1}{\376\377\000C\000o\000n\000m\000u\000t\000a\000t\000i\000v\000a}{subsection.5.4}% 17
\BOOKMARK [3][-]{subsubsection.5.4.2}{\376\377\000A\000s\000o\000c\000i\000a\000t\000i\000v\000a}{subsection.5.4}% 18
\BOOKMARK [1][-]{section.6}{\376\377\000P\000u\000n\000t\000o\000\040\0006\000:\000\040\000N\000u\000e\000v\000o\000\040\000c\000o\000n\000e\000c\000t\000o\000r}{}% 19
\BOOKMARK [2][-]{subsection.6.1}{\376\377\000D\000e\000f\000i\000n\000i\000r\000\040\000*\000\040\000e\000n\000\040\000c\000o\000n\000e\000c\000t\000o\000r\000e\000s\000\040\000l\000\363\000g\000i\000c\000o\000s\000\040\000c\000l\000\341\000s\000i\000c\000o\000s}{section.6}% 20
\BOOKMARK [2][-]{subsection.6.2}{\376\377\000J\000u\000s\000t\000i\000f\000i\000c\000a\000r\000\040\000o\000\040\000r\000e\000f\000u\000t\000a\000r\000\040\000p\000r\000o\000p\000i\000e\000d\000a\000d\000e\000s\000\040\000d\000e\000\040\000*}{section.6}% 21
\BOOKMARK [3][-]{subsubsection.6.2.1}{\376\377\000A\000s\000o\000c\000i\000a\000t\000i\000v\000a}{subsection.6.2}% 22
\BOOKMARK [3][-]{subsubsection.6.2.2}{\376\377\000T\000r\000a\000n\000s\000i\000t\000i\000v\000a}{subsection.6.2}% 23
\BOOKMARK [1][-]{section.7}{\376\377\000P\000u\000n\000t\000o\000\040\0007\000:\000\040\000c\000o\000n\000s\000i\000d\000e\000r\000e\000\040\000l\000a\000s\000\040\000v\000a\000l\000u\000a\000c\000i\000o\000n\000e\000s\000\040\000v\000\040\000y\000\040\000w\000\040\040\046}{}% 24
\BOOKMARK [1][-]{section.8}{\376\377\000P\000u\000n\000t\000o\000\040\0008\000:\000\040\000D\000e\000m\000u\000e\000s\000t\000r\000e\000\040\000q\000u\000e\000\040\000v\000[\000]\000\040\000=\000\040\000v\000[\000\050\000\051\000]\000\040\000p\000a\000r\000a\000\040\000c\000u\000a\000l\000q\000u\000i\000e\000r\000\040\000v\000a\000l\000u\000a\000c\000i\000\363\000n\000\040\000v}{}% 25
