\BOOKMARK [1][-]{section.1}{\376\377\000S\000e\000c\000c\000i\000\363\000n\000\040\0002\000.\0001}{}% 1
\BOOKMARK [2][-]{subsection.1.1}{\376\377\000P\000u\000n\000t\000o\000\040\0001\000:\000\040\000N\000o\000m\000b\000r\000e\000\040\000t\000o\000d\000a\000s\000\040\000l\000a\000s\000\040\000f\000u\000n\000c\000i\000o\000n\000e\000s\000\040\000b\000o\000o\000l\000e\000a\000n\000a\000s\000\040\000u\000n\000a\000r\000i\000a\000s}{section.1}% 2
\BOOKMARK [2][-]{subsection.1.2}{\376\377\000P\000u\000n\000t\000o\000\040\0003\000:\000\040\000D\000e\000m\000u\000e\000s\000t\000r\000e\000\040\000q\000u\000e\000\040\000H\000\040\000=\000\040\000\050\000H\000\040\000H\000\051}{section.1}% 3
\BOOKMARK [2][-]{subsection.1.3}{\376\377\000P\000u\000n\000t\000o\000\040\0004\000:\000\040\000T\000a\000b\000l\000a\000\040\000d\000e\000\040\000v\000e\000r\000d\000a\000d}{section.1}% 4
\BOOKMARK [3][-]{subsubsection.1.3.1}{\376\377\000a\000\051\000\040\000\050\000t\000r\000u\000e\000\040\000f\000a\000l\000s\000e\000\051}{subsection.1.3}% 5
\BOOKMARK [3][-]{subsubsection.1.3.2}{\376\377\000d\000\051\000\040\000\050\000p\000\040\000\050\000q\000\051\000\051}{subsection.1.3}% 6
\BOOKMARK [3][-]{subsubsection.1.3.3}{\376\377\000j\000\051\000\040\000\050\000\050\000p\000\040\000q\000\051\000\040\000p\000\051}{subsection.1.3}% 7
\BOOKMARK [3][-]{subsubsection.1.3.4}{\376\377\000k\000\051\000\040\000\050\000p\000\040\000\050\000p\000\040\000q\000\051\000\051}{subsection.1.3}% 8
\BOOKMARK [3][-]{subsubsection.1.3.5}{\376\377\000m\000\051\000\040\000\050\000\050\000p\000\040\000\050\000q\000\040\000r\000\051\000\051\000\040\000\050\000\050\000p\000\040\000q\000\051\000\040\000r\000\051\000\051}{subsection.1.3}% 9
\BOOKMARK [2][-]{subsection.1.4}{\376\377\000P\000u\000n\000t\000o\000\040\0005\000:\000\040\000C\000o\000m\000p\000a\000r\000a\000r\000\040\000\050\000p\000\040\000q\000\051\000\040\000y\000\040\000\050\000\050\000p\000\040\000q\000\051\000\040\000\050\000p\000\040\000q\000\051\000\051}{section.1}% 10
\BOOKMARK [2][-]{subsection.1.5}{\376\377\000P\000u\000n\000t\000o\000\040\0008\000:\000\040\000U\000n\000a\000\040\000n\000o\000\040\000t\000a\000u\000t\000o\000l\000o\000g\000\355\000a}{section.1}% 11
\BOOKMARK [2][-]{subsection.1.6}{\376\377\000P\000u\000n\000t\000o\000\040\0009}{section.1}% 12
\BOOKMARK [3][-]{subsubsection.1.6.1}{\376\377\000a\000\051\000\040\000D\000e\000f\000i\000n\000i\000r\000\040\000l\000a\000s\000\040\000r\000e\000l\000a\000c\000i\000o\000n\000e\000s}{subsection.1.6}% 13
\BOOKMARK [3][-]{subsubsection.1.6.2}{\376\377\000b\000\051\000\040\000I\000n\000v\000e\000s\000t\000i\000g\000a\000r\000\040\000c\000u\000a\000n\000d\000o\000\040\000u\000n\000a\000\040\000r\000e\000l\000a\000c\000i\000\363\000n\000\040\000b\000i\000n\000a\000r\000i\000a\000\040\000e\000s\000.\000.\000.}{subsection.1.6}% 14
\BOOKMARK [3][-]{subsubsection.1.6.3}{\376\377\000c\000\051\000\040\000C\000l\000a\000s\000i\000f\000i\000c\000a\000r\000\040\000l\000a\000s\000\040\000r\000e\000l\000a\000c\000i\000o\000n\000e\000s\000\040\000l\000\363\000g\000i\000c\000a\000s}{subsection.1.6}% 15
\BOOKMARK [2][-]{subsection.1.7}{\376\377\000P\000u\000n\000t\000o\000\040\0001\0003\000:\000\040\000C\000o\000n\000s\000i\000d\000e\000r\000e\000\040\0004\000\040\000c\000a\000r\000t\000a\000s\000.\000.\000.}{section.1}% 16
\BOOKMARK [2][-]{subsection.1.8}{\376\377\000P\000u\000n\000t\000o\000\040\0001\0004\000:\000\040\000J\000u\000a\000n\000a\000\040\000q\000u\000i\000e\000r\000e\000\040\000i\000r\000\040\000d\000e\000\040\000c\000o\000m\000p\000r\000a\000s\000.\000.\000.}{section.1}% 17
\BOOKMARK [3][-]{subsubsection.1.8.1}{\376\377\000a\000\051\000\040\000E\000s\000p\000e\000c\000i\000f\000i\000c\000a\000r\000\040\000l\000a\000s\000\040\000o\000p\000c\000i\000o\000n\000e\000s}{subsection.1.8}% 18
\BOOKMARK [3][-]{subsubsection.1.8.2}{\376\377\000b\000\051\000\040\000S\000u\000p\000o\000n\000i\000e\000n\000d\000o\000\040\000q\000u\000e\000.\000.\000.}{subsection.1.8}% 19
\BOOKMARK [1][-]{section.2}{\376\377\000S\000e\000c\000c\000i\000\363\000n\000\040\0002\000.\0002}{}% 20
\BOOKMARK [2][-]{subsection.2.1}{\376\377\000P\000u\000n\000t\000o\000\040\0001\000:\000\040\000C\000o\000n\000s\000i\000d\000e\000r\000e\000\040\000l\000a\000\040\000p\000r\000o\000p\000o\000s\000i\000c\000i\000\363\000n\000\040\000\040\000.\000.\000.}{section.2}% 21
\BOOKMARK [3][-]{subsubsection.2.1.1}{\376\377\000a\000\051\000\040\000p\000r\000o\000p\000o\000n\000g\000a\000\040\000u\000n\000a\000\040\000v\000a\000l\000u\000a\000c\000i\000\363\000n\000\040\000v\000\040\000t\000a\000l\000\040\000q\000u\000e\000\040\000v\000\050\000\051\000\040\000=\000\040\000T\000\040}{subsection.2.1}% 22
\BOOKMARK [3][-]{subsubsection.2.1.2}{\376\377\000b\000\051\000\040\000p\000r\000o\000p\000o\000n\000g\000a\000\040\000u\000n\000a\000\040\000v\000a\000l\000u\000a\000c\000i\000\363\000n\000\040\000w\000\040\000t\000a\000l\000\040\000q\000u\000e\000\040\000w\000\050\000\051\000\040\000=\000\040\000F\000\040}{subsection.2.1}% 23
\BOOKMARK [2][-]{subsection.2.2}{\376\377\000P\000u\000n\000t\000o\000\040\0006\000:\000\040\000D\000e\000m\000o\000s\000t\000r\000a\000r}{section.2}% 24
\BOOKMARK [2][-]{subsection.2.3}{\376\377\000P\000u\000n\000t\000o\000\040\0007\000:\000\040\000D\000e\000m\000o\000s\000t\000r\000a\000r}{section.2}% 25
\BOOKMARK [2][-]{subsection.2.4}{\376\377\000P\000u\000n\000t\000o\000\040\0008\000:\000\040\000D\000e\000m\000o\000s\000t\000r\000a\000r}{section.2}% 26
\BOOKMARK [2][-]{subsection.2.5}{\376\377\000P\000u\000n\000t\000o\000\040\0009\000:\000\040\000D\000e\000m\000o\000s\000t\000r\000a\000r}{section.2}% 27
