\BOOKMARK [1][-]{section.1}{\376\377\000S\000e\000c\000c\000i\000\363\000n\000\040\0002\000.\0003}{}% 1
\BOOKMARK [2][-]{subsection.1.1}{\376\377\000P\000u\000n\000t\000o\000\040\0001}{section.1}% 2
\BOOKMARK [3][-]{subsubsection.1.1.1}{\376\377\000a\000\051\000\040\000\050\000\050\000\051\000\040\000\050\000\051\000\051\000\040}{subsection.1.1}% 3
\BOOKMARK [3][-]{subsubsection.1.1.2}{\376\377\000b\000\051\000\040\000\050\000\050\000t\000r\000u\000e\000\051\000\040\000\051}{subsection.1.1}% 4
\BOOKMARK [3][-]{subsubsection.1.1.3}{\376\377\000f\000\051\000\040\000\040\000\050\000\050\000f\000a\000l\000s\000e\000\051\000\040\000\051}{subsection.1.1}% 5
\BOOKMARK [3][-]{subsubsection.1.1.4}{\376\377\000g\000\051\000\040\000\050\000\050\000\051\000\040\000\051}{subsection.1.1}% 6
\BOOKMARK [3][-]{subsubsection.1.1.5}{\376\377\000k\000\051\000\040\000\050\000\050\000\050\000\051\000\051\000\051}{subsection.1.1}% 7
\BOOKMARK [3][-]{subsubsection.1.1.6}{\376\377\000l\000\051\000\040\000\050\000\050\000\051\000\051}{subsection.1.1}% 8
\BOOKMARK [3][-]{subsubsection.1.1.7}{\376\377\000n\000\051\000\040\000\050\000\050\000\051\000\040\000\050\000\050\000\051\000\040\000\050\000\051\000\051\000\051}{subsection.1.1}% 9
\BOOKMARK [2][-]{subsection.1.2}{\376\377\000P\000u\000n\000t\000o\000\040\0002}{section.1}% 10
\BOOKMARK [3][-]{subsubsection.1.2.1}{\376\377\000b\000\051\000\040\000\050\000\050\000p\000\051\000\040\000q\000\051}{subsection.1.2}% 11
\BOOKMARK [3][-]{subsubsection.1.2.2}{\376\377\000d\000\051\000\040\000\050\000\050\000p\000\040\000\050\000q\000\051\000\051\000\051}{subsection.1.2}% 12
\BOOKMARK [2][-]{subsection.1.3}{\376\377\000P\000u\000n\000t\000o\000\040\0003}{section.1}% 13
\BOOKMARK [2][-]{subsection.1.4}{\376\377\000P\000u\000n\000t\000o\000\040\0006}{section.1}% 14
\BOOKMARK [3][-]{subsubsection.1.4.1}{\376\377\000b\000\051}{subsection.1.4}% 15
\BOOKMARK [3][-]{subsubsection.1.4.2}{\376\377\000d\000\051}{subsection.1.4}% 16
\BOOKMARK [3][-]{subsubsection.1.4.3}{\376\377\000f\000\051}{subsection.1.4}% 17
\BOOKMARK [3][-]{subsubsection.1.4.4}{\376\377\000g\000\051}{subsection.1.4}% 18
\BOOKMARK [2][-]{subsection.1.5}{\376\377\000P\000u\000n\000t\000o\000\040\0008}{section.1}% 19
\BOOKMARK [2][-]{subsection.1.6}{\376\377\000a\000\051}{section.1}% 20
\BOOKMARK [2][-]{subsection.1.7}{\376\377\000b\000\051}{section.1}% 21
